
!!! Inicio dos testes
!!!      Construto sob teste: ..\Produto\TRAB1-2
!!!      Script de teste:     ..\Scripts\TesteGrafo.script

!!!    0  Linha:     1  // Script:    TesteGrafo.script 
!!!    0  Linha:     2  // Autor:     Gabriel, Michelle 
!!!    0  Linha:     3  // Data:      15/10/2017 
!!!    0  Linha:     4  // Proposito: Testar o modulo grafo generico com cabeca 
    7  == Inicializar valores
   17  == struct 0
   23  == struct 1
   30  == struct 2
   37  == struct 3
   57  == Criar o grafo 0
   61  == Verificar ObterValor relativo ao grafo vazio
   64  == Inserir vertice em grafo vazio
   68  == Inserir mais de um vertice no grafo
   77  == Excluir segundo vertice do grafo
   82  == Excluir vertice do inicio
   87  == Excluir vertice final
   92  == Excluir vertice final, o ultimo
   97  == Ver se o grafo ficou vazio
  100  == Destruir a grafo
  103  == Inserir vertice em grafo destruido
  106  == criar grafo1
  109  == adicionar um vertice
  113  == excluir esse vertice e adicionar outro vertice
  118  == ir para um vertice que nao existe e verificar se o corrente continua no unico vertice presente
  122  == excluir o unico vertice do grafo, excluir ele novamente
  126  == Destruir a grafo
  129  == criar grafo2
  132  == verificar se esta vazio
  135  == destruir grafo
  139  == criar grafo3
  142  == criar tres vertices e obter tamanho do grafo
  151  == apagar o vertice do meio
  155  == pegar o valor do vertice 2 que e o ultimo agora
  159  ==inserir novo vertice
  163  == apagar o ultimo e o primeiro vertice
  169  == pegar o valor do vertice 1
  172  == apagar o ultimo vertice e verificar se ele esta vazio
  176  == Destruir a grafo
  179  == criar grafo
  182  == verificar se o grafo esta vazio
  185  == obter tamanho do grafo
  188  == Destruir o grafo
  192  == criar grafo5 com quatro vertices
  203  ==excluir o primeiro vertice e verificar se o identificador dos demais foi alterado
  212  == adicionar aresta com o vertice 3
  215  == obter tamanho de arestas com o vertice 1 e a existencia da aresta com o vertice 3
  221  == ir para o vertice 3, obter tamanho de arestas e se existe aresta com o vertice 1
  226  == tentar criar aresta a aresta 1 com 3 novamente
  229  == excluir aresta 1 com 3
  232  == verificar numero de aresta no vertice 1 e no vertice 3 e se a aresta 1 com 3 existe
  239  == excluir aresta que nao existe
  242  == tentar criar aresta com um vetice que nao existe
  246  == criar aresta de um vertice com si mesmo
  250  == Destruir o grafo
  253  == criar grafo6 com tres vertices
  262  == criar aresta 1 com 2 e aresta 1 com 3
  268  == contar quantas arestas o vertice 1 possui e retornar seus indices
  274  == excluir as duas arestas
  280  == contar quantas arestas o vertice 1 possui e tentar retornar seus indices
  286  == excluir grafo

!!! Número de linhas lidas:         287
!!! Número de casos de teste:        56
!!! Número comandos corretos:       157
!!! Número de falhas encontradas:     0

!!! Não foram encontrados problemas


!!! Numero de espacos ainda alocados: 0
