
!!! Inicio dos testes
!!!      Construto sob teste: ..\Produto\TRAB1-2
!!!      Script de teste:     ..\Scripts\TesteGrafo.script

!!!    0  Linha:     1  // Script:    TesteGrafo.script 
!!!    0  Linha:     2  // Autor:     Gabriel, Michelle, Renan 
!!!    0  Linha:     3  // Data:      15/10/2017 
!!!    0  Linha:     4  // Proposito: Testar o modulo grafo generico com cabeca 
    7  == Inicializar valores
   17  == struct 0
   23  == struct 1
   30  == struct 2
   37  == struct 3
   57  == Criar o grafo 0
   61  == Verificar ObterValor relativo ao grafo vazio
   64  == Inserir vertice em grafo vazio
   68  == Inserir mais de um vertice no grafo
   77  == Excluir segundo vertice do grafo
   82  == Excluir vertice do inicio
   87  == Excluir vertice final
   92  == Excluir vertice final, o ultimo
   98  == Ver se o grafo ficou vazio
  101  == Inserir vertices no grafo vazio e percorrer o grafo
  113  == Destruir a grafo
  116  == Inserir vertice em grafo destruido
  119  == criar grafo1
  122  == adicionar um vertice
  126  == excluir esse vertice e adicionar outro vertice
  131  == ir para um vertice que nao existe e verificar se o corrente continua no unico vertice presente
  135  == excluir o unico vertice do grafo, excluir ele novamente
  139  == Destruir a grafo
  142  == criar grafo2
  145  == verificar se esta vazio
  148  == destruir grafo
  152  == criar grafo3
  155  == criar tres vertices e obter tamanho do grafo
  164  == apagar o vertice do meio
  168  == pegar o valor do vertice 2 que e o ultimo agora
  172  ==inserir novo vertice
  176  == apagar o ultimo e o primeiro vertice
  182  == pegar o valor do vertice 1
  185  == apagar o ultimo vertice e verificar se ele esta vazio
  189  == Destruir a grafo
  192  == criar grafo
  195  == verificar se o grafo esta vazio
  198  == obter tamanho do grafo
  201  == Destruir o grafo
  205  == criar grafo5 com quatro vertices
  216  ==excluir o primeiro vertice e verificar se o identificador dos demais foi alterado
  225  == adicionar aresta com o vertice 3
  228  == obter tamanho de arestas com o vertice 1 e a existencia da aresta com o vertice 3
  234  == ir para o vertice 3, obter tamanho de arestas e se existe aresta com o vertice 1
  239  == tentar criar aresta a aresta 1 com 3 novamente
  242  == excluir aresta 1 com 3
  245  == verificar numero de aresta no vertice 1 e no vertice 3 e se a aresta 1 com 3 existe
  252  == excluir aresta que nao existe
  255  == tentar criar aresta com um vetice que nao existe
  259  == criar aresta de um vertice com si mesmo
  263  ==criar aresta e verificar se o corrente permaneceu o mesmo
  268  == Destruir o grafo
  271  == criar grafo6 com tres vertices
  280  == criar aresta 1 com 2 e aresta 1 com 3
  286  == contar quantas arestas o vertice 1 possui e retornar seus indices
  292  == excluir as duas arestas
  298  == contar quantas arestas o vertice 1 possui
  304  == excluir grafo

!!! Número de linhas lidas:         305
!!! Número de casos de teste:        58
!!! Número comandos corretos:       169
!!! Número de falhas encontradas:     0

!!! Não foram encontrados problemas


!!! Numero de espacos ainda alocados: 0
