testeamizade.c
..\Fontes\testeamizade.c(96) : warning C4189: 'numElem' : local variable is initialized but not referenced
..\Fontes\testeamizade.c(122) : warning C4101: 'cidade3' : unreferenced local variable
..\Fontes\testeamizade.c(111) : warning C4101: 'email2' : unreferenced local variable
..\Fontes\testeamizade.c(109) : warning C4101: 'ano1' : unreferenced local variable
..\Fontes\testeamizade.c(120) : warning C4101: 'primNome3' : unreferenced local variable
..\Fontes\testeamizade.c(113) : warning C4101: 'ultNome2' : unreferenced local variable
..\Fontes\testeamizade.c(103) : warning C4101: 'email1' : unreferenced local variable
..\Fontes\testeamizade.c(124) : warning C4101: 'mes3' : unreferenced local variable
..\Fontes\testeamizade.c(112) : warning C4101: 'primNome2' : unreferenced local variable
..\Fontes\testeamizade.c(123) : warning C4101: 'dia3' : unreferenced local variable
..\Fontes\testeamizade.c(121) : warning C4101: 'ultNome3' : unreferenced local variable
..\Fontes\testeamizade.c(114) : warning C4101: 'cidade2' : unreferenced local variable
..\Fontes\testeamizade.c(125) : warning C4101: 'ano3' : unreferenced local variable
..\Fontes\testeamizade.c(104) : warning C4101: 'primNome1' : unreferenced local variable
..\Fontes\testeamizade.c(116) : warning C4101: 'mes2' : unreferenced local variable
..\Fontes\testeamizade.c(115) : warning C4101: 'dia2' : unreferenced local variable
..\Fontes\testeamizade.c(117) : warning C4101: 'ano2' : unreferenced local variable
..\Fontes\testeamizade.c(106) : warning C4101: 'cidade1' : unreferenced local variable
..\Fontes\testeamizade.c(119) : warning C4101: 'email3' : unreferenced local variable
..\Fontes\testeamizade.c(108) : warning C4101: 'mes1' : unreferenced local variable
..\Fontes\testeamizade.c(107) : warning C4101: 'dia1' : unreferenced local variable
..\Fontes\testeamizade.c(105) : warning C4101: 'ultNome1' : unreferenced local variable
..\Fontes\testeamizade.c(86) : warning C4189: 'inxPerfil' : local variable is initialized but not referenced
..\Fontes\testeamizade.c(476) : warning C4101: 'numVert1' : unreferenced local variable
..\Fontes\testeamizade.c(476) : warning C4101: 'numVert2' : unreferenced local variable
d:\projetos\puc\modular\projeto git\amizade\fontes\testeamizade.c(505) : warning C4715: 'TST_EfetuarComando' : not all control paths return a value
d:\projetos\puc\modular\projeto git\amizade\fontes\testeamizade.c(180) : warning C4700: uninitialized local variable 'SolicitacaoFuncao' used
d:\projetos\puc\modular\projeto git\amizade\fontes\testeamizade.c(488) : warning C4700: uninitialized local variable 'existeAmizadefuncao' used
amizade.c
..\Fontes\amizade.c(55) : warning C4047: 'function' : 'int *' differs in levels of indirection from 'int'
..\Fontes\amizade.c(55) : warning C4024: 'PER_retornaIdPerfil' : different types for formal and actual parameter 3
..\Fontes\amizade.c(56) : warning C4047: 'function' : 'int *' differs in levels of indirection from 'int'
..\Fontes\amizade.c(56) : warning C4024: 'PER_retornaIdPerfil' : different types for formal and actual parameter 3
..\Fontes\amizade.c(69) : error C2065: 'AMI_ArestaParaSiMesmo' : undeclared identifier
..\Fontes\amizade.c(89) : warning C4028: formal parameter 3 different from declaration
..\Fontes\amizade.c(97) : warning C4047: 'function' : 'int *' differs in levels of indirection from 'int'
..\Fontes\amizade.c(97) : warning C4024: 'PER_retornaIdPerfil' : different types for formal and actual parameter 3
..\Fontes\amizade.c(98) : error C2440: 'function' : cannot convert from 'PER_tpPerfil' to 'PER_tpPerfil *'
..\Fontes\amizade.c(98) : warning C4024: 'PER_retornaIdPerfil' : different types for formal and actual parameter 2
..\Fontes\amizade.c(98) : warning C4047: 'function' : 'int *' differs in levels of indirection from 'int'
..\Fontes\amizade.c(98) : warning C4024: 'PER_retornaIdPerfil' : different types for formal and actual parameter 3
..\Fontes\amizade.c(130) : warning C4047: 'function' : 'int *' differs in levels of indirection from 'int'
..\Fontes\amizade.c(130) : warning C4024: 'PER_retornaIdPerfil' : different types for formal and actual parameter 3
..\Fontes\amizade.c(175) : warning C4047: 'function' : 'int *' differs in levels of indirection from 'int'
..\Fontes\amizade.c(175) : warning C4024: 'PER_retornaIdPerfil' : different types for formal and actual parameter 3
..\Fontes\amizade.c(180) : warning C4133: 'function' : incompatible types - from 'PER_tpPerfil *' to 'GRA_tppGrafo'
..\Fontes\amizade.c(180) : warning C4047: 'function' : 'PER_tpPerfil *' differs in levels of indirection from 'int'
..\Fontes\amizade.c(180) : warning C4024: 'AMI_VerificarNumAmigos' : different types for formal and actual parameter 2
..\Fontes\amizade.c(180) : error C2198: 'AMI_VerificarNumAmigos' : too few arguments for call
..\Fontes\amizade.c(188) : error C2143: syntax error : missing ')' before 'type'
..\Fontes\amizade.c(188) : error C2198: 'GRA_RetornaIndiceAresta' : too few arguments for call
..\Fontes\amizade.c(188) : error C2059: syntax error : ')'
..\Fontes\amizade.c(193) : error C2065: 'i' : undeclared identifier
..\Fontes\amizade.c(193) : error C2065: 'i' : undeclared identifier
..\Fontes\amizade.c(193) : error C2065: 'i' : undeclared identifier
..\Fontes\amizade.c(201) : error C2065: 'i' : undeclared identifier
..\Fontes\amizade.c(203) : error C2143: syntax error : missing ';' before '}'
..\Fontes\amizade.c(231) : warning C4047: 'function' : 'int *' differs in levels of indirection from 'int'
..\Fontes\amizade.c(231) : warning C4024: 'PER_retornaIdPerfil' : different types for formal and actual parameter 3
..\Fontes\amizade.c(236) : warning C4133: 'function' : incompatible types - from 'PER_tpPerfil *' to 'GRA_tppGrafo'
..\Fontes\amizade.c(236) : warning C4047: 'function' : 'PER_tpPerfil *' differs in levels of indirection from 'int'
..\Fontes\amizade.c(236) : warning C4024: 'AMI_VerificarNumAmigos' : different types for formal and actual parameter 2
..\Fontes\amizade.c(236) : error C2198: 'AMI_VerificarNumAmigos' : too few arguments for call
..\Fontes\amizade.c(244) : error C2143: syntax error : missing ')' before 'type'
..\Fontes\amizade.c(244) : error C2198: 'GRA_RetornaIndiceAresta' : too few arguments for call
..\Fontes\amizade.c(244) : error C2059: syntax error : ')'
..\Fontes\amizade.c(249) : error C2065: 'i' : undeclared identifier
..\Fontes\amizade.c(249) : error C2065: 'i' : undeclared identifier
..\Fontes\amizade.c(249) : error C2065: 'i' : undeclared identifier
..\Fontes\amizade.c(250) : error C2065: 'i' : undeclared identifier
..\Fontes\amizade.c(274) : error C2143: syntax error : missing ']' before 'type'
..\Fontes\amizade.c(274) : error C2090: function returns array
..\Fontes\amizade.c(274) : error C2085: 'GRA_RetornoVerificaAmizade' : not in formal parameter list
..\Fontes\amizade.c(275) : error C2085: 'PER_RetornoId1' : not in formal parameter list
..\Fontes\amizade.c(276) : error C2085: 'PER_RetornoId2' : not in formal parameter list
..\Fontes\amizade.c(277) : error C2085: 'id1' : not in formal parameter list
..\Fontes\amizade.c(278) : error C2085: 'id2' : not in formal parameter list
..\Fontes\amizade.c(280) : error C2061: syntax error : identifier 'PER_RetornoId1'
..\Fontes\amizade.c(281) : warning C4431: missing type specifier - int assumed. Note: C no longer supports default-int
..\Fontes\amizade.c(281) : error C2065: 'pGrafo' : undeclared identifier
..\Fontes\amizade.c(281) : warning C4047: 'function' : 'GRA_tppGrafo' differs in levels of indirection from 'int'
..\Fontes\amizade.c(281) : warning C4024: 'PER_retornaIdPerfil' : different types for formal and actual parameter 1
..\Fontes\amizade.c(281) : error C2065: 'Usuario2' : undeclared identifier
..\Fontes\amizade.c(281) : warning C4047: 'function' : 'PER_tpPerfil *' differs in levels of indirection from 'int'
..\Fontes\amizade.c(281) : warning C4024: 'PER_retornaIdPerfil' : different types for formal and actual parameter 2
..\Fontes\amizade.c(281) : error C2065: 'id2' : undeclared identifier
..\Fontes\amizade.c(281) : warning C4047: 'function' : 'int *' differs in levels of indirection from 'int'
..\Fontes\amizade.c(281) : warning C4024: 'PER_retornaIdPerfil' : different types for formal and actual parameter 3
..\Fontes\amizade.c(281) : error C2099: initializer is not a constant
..\Fontes\amizade.c(281) : warning C4218: nonstandard extension used : must specify at least a storage class or a type
..\Fontes\amizade.c(282) : error C2059: syntax error : 'if'
..\Fontes\amizade.c(284) : fatal error C1506: unrecoverable block scoping error
