
!!! Inicio dos testes
!!!      Construto sob teste: ..\Produto\TRAB4-4
!!!      Script de teste:     ..\Scripts\TestePerfil.script

!!!    0  Linha:     1  // Script:    TesteGrafo.script 
!!!    0  Linha:     2  // Autor:     Gabriel, Michelle, Renan 
!!!    0  Linha:     3  // Data:      15/10/2017 
!!!    0  Linha:     4  // Proposito: Testar o modulo perfil 
    7  == Inicializar valores
   15  == struct 0
   24  == struct 1
   33  == struct 2
   42  == Parametros invalidos
   50  ==Parametros para mudanca
   75  == Criar o grafo
   78  == Obter Numero de perfis existentes
   81  == Criar Perfil 0
   84  == Obter Numero de perfis existentes
   87  ==Busca email do perfil 0
   90  ==Busca email inexistente
   93  == Obter Dados do perfil 0
   96  == Criar Perfil 1
   99  == Obter Numero de perfis existentes
  102  == Obter Dados do perfil 1
  105  == Criar Perfil email ja cadastrado
  108  == Criar Perfil email invalido
  111  == Criar Perfil primeiro nome invalido
  114  == Criar Perfil ultimo nome invalido
  117  == Criar Perfil dia invalido
  120  == Criar Perfil mes invalido
  123  == Criar Perfil ano invalido
  126  == Criar Perfil 2
  129  == Obter Numero de perfis existentes
  132  == Obter Dados do perfil 2
  135  == Excluir perfil 1
  138  == Obter Numero de perfis existentes
  141  ==Modificar Dados do perfil 2
  147  == Obter Dados do perfil 2
  150  ==Modificar Dados do perfil 0 para dados invalidos
  155  == Obter Dados do perfil 0
  158  ==Modifica email do perfil 0 para email antigo do perfil 2
  161  == Obter Dados do perfil 0
  164  ==Excluir todos os perfis
  167  == Obter Numero de perfis existentes
  170  == Criar Perfil 0
  173  ==Retorna lista de mensagens do perfil  0
  176  ==Retornar id do perfil 0
  179  == Reseta bateria de testes

!!! Número de linhas lidas:         182
!!! Número de casos de teste:        40
!!! Número comandos corretos:        93
!!! Número de falhas encontradas:     0

!!! Não foram encontrados problemas


!!! Numero de espacos ainda alocados: 0
